<?xml version="1.0" encoding="UTF-8"?>
<!-- Generated by org.testng.reporters.JUnitReportReporter -->
<testsuite skipped="0" hostname="DESKTOP-S6JBVRO" name="com.booking.BookHotel1214" tests="4" failures="0" timestamp="2020-12-14T20:38:32 EST" time="0.009" errors="0">
  <testcase name="Booking_Hotel_2NdFL_TC4" time="0.005" classname="com.booking.BookHotel1214"/>
  <system-out/>
  <testcase name="Booking_Hotel_Checkout_TC2" time="0.001" classname="com.booking.BookHotel1214"/>
  <system-out/>
  <testcase name="Booking_Hotel_Checkin_TC1" time="0.002" classname="com.booking.BookHotel1214"/>
  <system-out/>
  <testcase name="Booking_Hotel_RoomNum_TC3" time="0.001" classname="com.booking.BookHotel1214"/>
  <system-out/>
</testsuite> <!-- com.booking.BookHotel1214 -->
