<?xml version="1.0" encoding="UTF-8"?>
<!-- Generated by org.testng.reporters.JUnitReportReporter -->
<testsuite skipped="0" hostname="DESKTOP-S6JBVRO" name="com.booking.BookHoliday1214" tests="4" failures="0" timestamp="2020-12-14T20:38:32 EST" time="0.005" errors="0">
  <testcase name="Flight_arrivel_city_Dubai_TC4" time="0.001" classname="com.booking.BookHoliday1214"/>
  <system-out/>
  <testcase name="Flight_dep_city_TC1" time="0.002" classname="com.booking.BookHoliday1214"/>
  <system-out/>
  <testcase name="Flight_plane_777_TC3" time="0.001" classname="com.booking.BookHoliday1214"/>
  <system-out/>
  <testcase name="Flight_Cafe_dumkin_TC2" time="0.001" classname="com.booking.BookHoliday1214"/>
  <system-out/>
</testsuite> <!-- com.booking.BookHoliday1214 -->
