<?xml version="1.0" encoding="UTF-8"?>
<!-- Generated by org.testng.reporters.JUnitReportReporter -->
<testsuite skipped="1" hostname="DESKTOP-S6JBVRO" name="com.booking.BookingFlight1214" tests="5" failures="0" timestamp="2020-12-14T20:38:32 EST" time="0.007" errors="0">
  <testcase name="Booking_Round_Trip_TC2" time="0.003" classname="com.booking.BookingFlight1214"/>
  <system-out/>
  <testcase name="Booking_Round_Trip_TC0" time="0.001" classname="com.booking.BookingFlight1214"/>
  <system-out/>
  <testcase name="Booking_Round_Trip_TC1" time="0.001" classname="com.booking.BookingFlight1214"/>
  <system-out/>
  <testcase name="Booking_Oneway_Trip_TC3" time="0.002" classname="com.booking.BookingFlight1214"/>
  <system-out/>
  <testcase name="Booking_Oneway_Trip_TC4" classname="com.booking.BookingFlight1214">
    <skipped/>
  </testcase> <!-- Booking_Oneway_Trip_TC4 -->
  <system-out/>
</testsuite> <!-- com.booking.BookingFlight1214 -->
